# JRE version: OpenJDK Runtime Environment (8.0_144-b01) (build 1.8.0_144-b01)
# Java VM: OpenJDK 64-Bit Server VM (25.144-b01 mixed mode linux-amd64 compressed oops)
Heap:
 PSYoungGen      total 134144K, used 7149K [0x00000000d6d80000, 0x00000000df780000, 0x0000000100000000)
  eden space 126976K, 0% used [0x00000000d6d80000,0x00000000d6d80000,0x00000000de980000)
  from space 7168K, 99% used [0x00000000de980000,0x00000000df07b638,0x00000000df080000)
  to   space 7168K, 0% used [0x00000000df080000,0x00000000df080000,0x00000000df780000)
 ParOldGen       total 48640K, used 19959K [0x0000000084800000, 0x0000000087780000, 0x00000000d6d80000)
  object space 48640K, 41% used [0x0000000084800000,0x0000000085b7df00,0x0000000087780000)
 Metaspace       used 27900K, capacity 28234K, committed 28720K, reserved 1075200K
  class space    used 3638K, capacity 3763K, committed 3888K, reserved 1048576K
GC Heap History (10 events):
Event: 1.598 GC heap after
Heap after GC invocations=3 (full 0):
 PSYoungGen      total 36864K, used 5100K [0x00000000d6d80000, 0x00000000db580000, 0x0000000100000000)
  eden space 31744K, 0% used [0x00000000d6d80000,0x00000000d6d80000,0x00000000d8c80000)
  from space 5120K, 99% used [0x00000000d8c80000,0x00000000d917b238,0x00000000d9180000)
  to   space 5120K, 0% used [0x00000000db080000,0x00000000db080000,0x00000000db580000)
 ParOldGen       total 84992K, used 1962K [0x0000000084800000, 0x0000000089b00000, 0x00000000d6d80000)
  object space 84992K, 2% used [0x0000000084800000,0x00000000849ea8c0,0x0000000089b00000)
 Metaspace       used 16243K, capacity 16494K, committed 16768K, reserved 1064960K
  class space    used 1998K, capacity 2083K, committed 2176K, reserved 1048576K
}
Event: 1.666 GC heap before
{Heap before GC invocations=4 (full 0):
 PSYoungGen      total 36864K, used 36844K [0x00000000d6d80000, 0x00000000db580000, 0x0000000100000000)
  eden space 31744K, 100% used [0x00000000d6d80000,0x00000000d8c80000,0x00000000d8c80000)
  from space 5120K, 99% used [0x00000000d8c80000,0x00000000d917b238,0x00000000d9180000)
  to   space 5120K, 0% used [0x00000000db080000,0x00000000db080000,0x00000000db580000)
 ParOldGen       total 84992K, used 1962K [0x0000000084800000, 0x0000000089b00000, 0x00000000d6d80000)
  object space 84992K, 2% used [0x0000000084800000,0x00000000849ea8c0,0x0000000089b00000)
 Metaspace       used 16607K, capacity 16846K, committed 17024K, reserved 1064960K
  class space    used 2049K, capacity 2115K, committed 2176K, reserved 1048576K
Event: 1.669 GC heap after
Heap after GC invocations=4 (full 0):
 PSYoungGen      total 68608K, used 3995K [0x00000000d6d80000, 0x00000000db580000, 0x0000000100000000)
  eden space 63488K, 0% used [0x00000000d6d80000,0x00000000d6d80000,0x00000000dab80000)
  from space 5120K, 78% used [0x00000000db080000,0x00000000db466dc0,0x00000000db580000)
  to   space 5120K, 0% used [0x00000000dab80000,0x00000000dab80000,0x00000000db080000)
 ParOldGen       total 84992K, used 1970K [0x0000000084800000, 0x0000000089b00000, 0x00000000d6d80000)
  object space 84992K, 2% used [0x0000000084800000,0x00000000849ec8c0,0x0000000089b00000)
 Metaspace       used 16607K, capacity 16846K, committed 17024K, reserved 1064960K
  class space    used 2049K, capacity 2115K, committed 2176K, reserved 1048576K
}
Event: 1.954 GC heap before
{Heap before GC invocations=5 (full 0):
 PSYoungGen      total 68608K, used 67483K [0x00000000d6d80000, 0x00000000db580000, 0x0000000100000000)
  eden space 63488K, 100% used [0x00000000d6d80000,0x00000000dab80000,0x00000000dab80000)
  from space 5120K, 78% used [0x00000000db080000,0x00000000db466dc0,0x00000000db580000)
  to   space 5120K, 0% used [0x00000000dab80000,0x00000000dab80000,0x00000000db080000)
 ParOldGen       total 84992K, used 1970K [0x0000000084800000, 0x0000000089b00000, 0x00000000d6d80000)
  object space 84992K, 2% used [0x0000000084800000,0x00000000849ec8c0,0x0000000089b00000)
 Metaspace       used 19123K, capacity 19348K, committed 19584K, reserved 1067008K
  class space    used 2509K, capacity 2604K, committed 2688K, reserved 1048576K
Event: 1.959 GC heap after
Heap after GC invocations=5 (full 0):
 PSYoungGen      total 68608K, used 5105K [0x00000000d6d80000, 0x00000000df780000, 0x0000000100000000)
  eden space 63488K, 0% used [0x00000000d6d80000,0x00000000d6d80000,0x00000000dab80000)
  from space 5120K, 99% used [0x00000000dab80000,0x00000000db07c768,0x00000000db080000)
  to   space 7168K, 0% used [0x00000000df080000,0x00000000df080000,0x00000000df780000)
 ParOldGen       total 84992K, used 2790K [0x0000000084800000, 0x0000000089b00000, 0x00000000d6d80000)
  object space 84992K, 3% used [0x0000000084800000,0x0000000084ab98a0,0x0000000089b00000)
 Metaspace       used 19123K, capacity 19348K, committed 19584K, reserved 1067008K
  class space    used 2509K, capacity 2604K, committed 2688K, reserved 1048576K
}
Event: 2.102 GC heap before
{Heap before GC invocations=6 (full 0):
 PSYoungGen      total 68608K, used 21070K [0x00000000d6d80000, 0x00000000df780000, 0x0000000100000000)
  eden space 63488K, 25% used [0x00000000d6d80000,0x00000000d7d170c0,0x00000000dab80000)
  from space 5120K, 99% used [0x00000000dab80000,0x00000000db07c768,0x00000000db080000)
  to   space 7168K, 0% used [0x00000000df080000,0x00000000df080000,0x00000000df780000)
 ParOldGen       total 84992K, used 2790K [0x0000000084800000, 0x0000000089b00000, 0x00000000d6d80000)
  object space 84992K, 3% used [0x0000000084800000,0x0000000084ab98a0,0x0000000089b00000)
 Metaspace       used 20813K, capacity 21096K, committed 21296K, reserved 1067008K
  class space    used 2741K, capacity 2846K, committed 2864K, reserved 1048576K
Event: 2.107 GC heap after
Heap after GC invocations=6 (full 0):
 PSYoungGen      total 134144K, used 6043K [0x00000000d6d80000, 0x00000000df780000, 0x0000000100000000)
  eden space 126976K, 0% used [0x00000000d6d80000,0x00000000d6d80000,0x00000000de980000)
  from space 7168K, 84% used [0x00000000df080000,0x00000000df666d98,0x00000000df780000)
  to   space 7168K, 0% used [0x00000000de980000,0x00000000de980000,0x00000000df080000)
 ParOldGen       total 84992K, used 2798K [0x0000000084800000, 0x0000000089b00000, 0x00000000d6d80000)
  object space 84992K, 3% used [0x0000000084800000,0x0000000084abb8a0,0x0000000089b00000)
 Metaspace       used 20813K, capacity 21096K, committed 21296K, reserved 1067008K
  class space    used 2741K, capacity 2846K, committed 2864K, reserved 1048576K
}
Event: 2.107 GC heap before
{Heap before GC invocations=7 (full 1):
 PSYoungGen      total 134144K, used 6043K [0x00000000d6d80000, 0x00000000df780000, 0x0000000100000000)
  eden space 126976K, 0% used [0x00000000d6d80000,0x00000000d6d80000,0x00000000de980000)
  from space 7168K, 84% used [0x00000000df080000,0x00000000df666d98,0x00000000df780000)
  to   space 7168K, 0% used [0x00000000de980000,0x00000000de980000,0x00000000df080000)
 ParOldGen       total 84992K, used 2798K [0x0000000084800000, 0x0000000089b00000, 0x00000000d6d80000)
  object space 84992K, 3% used [0x0000000084800000,0x0000000084abb8a0,0x0000000089b00000)
 Metaspace       used 20813K, capacity 21096K, committed 21296K, reserved 1067008K
  class space    used 2741K, capacity 2846K, committed 2864K, reserved 1048576K
Event: 2.126 GC heap after
Heap after GC invocations=7 (full 1):
 PSYoungGen      total 134144K, used 0K [0x00000000d6d80000, 0x00000000df780000, 0x0000000100000000)
  eden space 126976K, 0% used [0x00000000d6d80000,0x00000000d6d80000,0x00000000de980000)
  from space 7168K, 0% used [0x00000000df080000,0x00000000df080000,0x00000000df780000)
  to   space 7168K, 0% used [0x00000000de980000,0x00000000de980000,0x00000000df080000)
 ParOldGen       total 48640K, used 5829K [0x0000000084800000, 0x0000000087780000, 0x00000000d6d80000)
  object space 48640K, 11% used [0x0000000084800000,0x0000000084db1708,0x0000000087780000)
 Metaspace       used 20813K, capacity 21096K, committed 21296K, reserved 1067008K
  class space    used 2741K, capacity 2846K, committed 2864K, reserved 1048576K
}
Event: 3.220 GC heap before
{Heap before GC invocations=8 (full 1):
 PSYoungGen      total 134144K, used 126976K [0x00000000d6d80000, 0x00000000df780000, 0x0000000100000000)
  eden space 126976K, 100% used [0x00000000d6d80000,0x00000000de980000,0x00000000de980000)
  from space 7168K, 0% used [0x00000000df080000,0x00000000df080000,0x00000000df780000)
  to   space 7168K, 0% used [0x00000000de980000,0x00000000de980000,0x00000000df080000)
 ParOldGen       total 48640K, used 5829K [0x0000000084800000, 0x0000000087780000, 0x00000000d6d80000)
  object space 48640K, 11% used [0x0000000084800000,0x0000000084db1708,0x0000000087780000)
 Metaspace       used 27900K, capacity 28234K, committed 28720K, reserved 1075200K
  class space    used 3638K, capacity 3763K, committed 3888K, reserved 1048576K

